TN:
SF:src\utils\password.ts
FN:1,(anonymous_0)
FNF:1
FNH:1
FNDA:11,(anonymous_0)
DA:1,1
DA:2,11
DA:3,10
DA:4,9
DA:6,8
DA:7,8
DA:8,8
DA:9,8
DA:11,8
DA:13,2
DA:14,1
DA:15,6
DA:17,4
DA:18,2
DA:21,2
DA:24,2
LF:16
LH:16
BRDA:2,0,0,1
BRDA:2,0,1,10
BRDA:3,1,0,1
BRDA:3,1,1,9
BRDA:4,2,0,1
BRDA:4,2,1,8
BRDA:11,3,0,2
BRDA:11,3,1,6
BRDA:13,4,0,1
BRDA:13,4,1,1
BRDA:15,5,0,4
BRDA:15,5,1,2
BRDA:15,6,0,6
BRDA:15,6,1,6
BRDA:17,7,0,2
BRDA:17,7,1,2
BRDA:17,8,0,4
BRDA:17,8,1,3
BRDA:17,8,2,2
BRDA:18,9,0,1
BRDA:18,9,1,1
BRDA:21,10,0,1
BRDA:21,10,1,1
BRDA:21,11,0,2
BRDA:21,11,1,2
BRF:25
BRH:25
end_of_record
TN:
SF:src\utils\shipping.ts
FN:44,calculateShipping
FNF:1
FNH:1
FNDA:18,calculateShipping
DA:44,2
DA:50,18
DA:51,1
DA:54,17
DA:55,2
DA:59,15
DA:61,15
DA:62,7
DA:63,8
DA:64,5
DA:66,3
DA:70,15
DA:71,6
DA:75,15
DA:76,5
DA:79,15
LF:16
LH:16
BRDA:50,0,0,1
BRDA:50,0,1,17
BRDA:54,1,0,2
BRDA:54,1,1,15
BRDA:54,2,0,17
BRDA:54,2,1,16
BRDA:61,3,0,7
BRDA:61,3,1,8
BRDA:63,4,0,5
BRDA:63,4,1,3
BRDA:70,5,0,6
BRDA:70,5,1,9
BRDA:75,6,0,5
BRDA:75,6,1,10
BRF:14
BRH:14
end_of_record
TN:
SF:src\utils\userValidator.ts
FN:3,validateUserRegistration
FNF:1
FNH:1
FNDA:7,validateUserRegistration
DA:3,1
DA:5,7
DA:8,6
DA:9,6
DA:12,5
DA:15,3
DA:17,2
LF:7
LH:7
BRDA:5,0,0,1
BRDA:5,0,1,6
BRDA:5,1,0,7
BRDA:5,1,1,7
BRDA:9,2,0,1
BRDA:9,2,1,5
BRDA:12,3,0,2
BRDA:12,3,1,3
BRDA:12,4,0,5
BRDA:12,4,1,4
BRDA:15,5,0,1
BRDA:15,5,1,2
BRDA:15,6,0,3
BRDA:15,6,1,2
BRF:14
BRH:14
end_of_record
